<?xml version="1.0" encoding="UTF-8"?>
<!-- Generated by org.testng.reporters.JUnitReportReporter -->
<testsuite hostname="DESKTOP-IHGTNUT" failures="0" tests="11" name="com.qa.opencart.tests.ProductInfoPageTest" time="79.124" errors="0" timestamp="24 Jan 2023 11:33:20 GMT" skipped="0">
  <testcase classname="com.qa.opencart.tests.ProductInfoPageTest" name="productImageCountTest" time="5.558"/>
  <testcase classname="com.qa.opencart.tests.ProductInfoPageTest" name="productHeaderTest" time="8.875"/>
  <testcase classname="com.qa.opencart.tests.ProductInfoPageTest" name="productHeaderTest" time="11.894"/>
  <testcase classname="com.qa.opencart.tests.ProductInfoPageTest" name="productImageCountTest" time="5.538"/>
  <testcase classname="com.qa.opencart.tests.ProductInfoPageTest" name="productHeaderTest" time="7.710"/>
  <testcase classname="com.qa.opencart.tests.ProductInfoPageTest" name="productImageCountTest" time="6.374"/>
  <testcase classname="com.qa.opencart.tests.ProductInfoPageTest" name="productImageCountTest" time="7.311"/>
  <testcase classname="com.qa.opencart.tests.ProductInfoPageTest" name="productMetadataTest" time="5.568"/>
  <testcase classname="com.qa.opencart.tests.ProductInfoPageTest" name="productHeaderTest" time="7.005"/>
  <testcase classname="com.qa.opencart.tests.ProductInfoPageTest" name="productImageCountTest" time="5.644"/>
  <testcase classname="com.qa.opencart.tests.ProductInfoPageTest" name="productHeaderTest" time="7.647"/>
</testsuite> <!-- com.qa.opencart.tests.ProductInfoPageTest -->
