<?xml version="1.0" encoding="UTF-8"?>
<!-- Generated by org.testng.reporters.JUnitReportReporter -->
<testsuite hostname="sssandee-Z1063414H" failures="0" tests="4" name="com.qa.opencart.tests.LoginPageTest" time="4.083" errors="0" timestamp="2023-02-23T11:55:24 IST" skipped="0">
  <testcase classname="com.qa.opencart.tests.LoginPageTest" name="forgotPasswordLinkExists" time="1.255"/>
  <system-out/>
  <testcase classname="com.qa.opencart.tests.LoginPageTest" name="loginPageURLTest" time="0.020"/>
  <system-out/>
  <testcase classname="com.qa.opencart.tests.LoginPageTest" name="loginPageTitleTest" time="0.015"/>
  <system-out/>
  <testcase classname="com.qa.opencart.tests.LoginPageTest" name="loginTest" time="2.793"/>
  <system-out/>
</testsuite> <!-- com.qa.opencart.tests.LoginPageTest -->
